<?xml version="1.0" encoding="UTF-8"?>
<robot generator="Robot 6.1.1 (Python 3.10.12 on linux)" generated="20241117 16:17:49.091" rpa="false" schemaversion="4">
<suite id="s1" name="Register" source="/home/doomwall/ohtu-palautus/viikko3/src/tests/register.robot">
<kw name="Open And Configure Browser" library="resource" type="SETUP">
<if>
<branch type="IF" condition="$BROWSER == 'chrome'">
<kw name="Evaluate" library="BuiltIn">
<var>${options}</var>
<arg>sys.modules['selenium.webdriver'].ChromeOptions()</arg>
<arg>sys</arg>
<doc>Evaluates the given expression in Python and returns the result.</doc>
<msg timestamp="20241117 16:17:49.316" level="INFO">${options} = &lt;selenium.webdriver.chrome.options.Options object at 0x7f5d91ba36d0&gt;</msg>
<status status="PASS" starttime="20241117 16:17:49.316" endtime="20241117 16:17:49.316"/>
</kw>
<status status="PASS" starttime="20241117 16:17:49.305" endtime="20241117 16:17:49.316"/>
</branch>
<branch type="ELSE IF" condition="$BROWSER == 'firefox'">
<kw name="Evaluate" library="BuiltIn">
<var>${options}</var>
<arg>sys.modules['selenium.webdriver'].FirefoxOptions()</arg>
<arg>sys</arg>
<doc>Evaluates the given expression in Python and returns the result.</doc>
<status status="NOT RUN" starttime="20241117 16:17:49.316" endtime="20241117 16:17:49.316"/>
</kw>
<status status="NOT RUN" starttime="20241117 16:17:49.316" endtime="20241117 16:17:49.316"/>
</branch>
<status status="PASS" starttime="20241117 16:17:49.305" endtime="20241117 16:17:49.316"/>
</if>
<if>
<branch type="IF" condition="$HEADLESS == 'true'">
<kw name="Set Selenium Speed" library="SeleniumLibrary">
<arg>0</arg>
<doc>Sets the delay that is waited after each Selenium command.</doc>
<status status="NOT RUN" starttime="20241117 16:17:49.316" endtime="20241117 16:17:49.316"/>
</kw>
<kw name="Call Method" library="BuiltIn">
<arg>${options}</arg>
<arg>add_argument</arg>
<arg>--headless</arg>
<doc>Calls the named method of the given object with the provided arguments.</doc>
<status status="NOT RUN" starttime="20241117 16:17:49.316" endtime="20241117 16:17:49.316"/>
</kw>
<status status="NOT RUN" starttime="20241117 16:17:49.316" endtime="20241117 16:17:49.316"/>
</branch>
<branch type="ELSE">
<kw name="Set Selenium Speed" library="SeleniumLibrary">
<arg>${DELAY}</arg>
<doc>Sets the delay that is waited after each Selenium command.</doc>
<status status="PASS" starttime="20241117 16:17:49.316" endtime="20241117 16:17:49.317"/>
</kw>
<status status="PASS" starttime="20241117 16:17:49.316" endtime="20241117 16:17:49.317"/>
</branch>
<status status="PASS" starttime="20241117 16:17:49.316" endtime="20241117 16:17:49.317"/>
</if>
<kw name="Open Browser" library="SeleniumLibrary">
<arg>browser=${BROWSER}</arg>
<arg>options=${options}</arg>
<doc>Opens a new browser instance to the optional ``url``.</doc>
<msg timestamp="20241117 16:17:49.317" level="INFO">Opening browser 'chrome' to base url 'None'.</msg>
<status status="PASS" starttime="20241117 16:17:49.317" endtime="20241117 16:17:49.819"/>
</kw>
<status status="PASS" starttime="20241117 16:17:49.305" endtime="20241117 16:17:49.819"/>
</kw>
<test id="s1-t1" name="Register With Valid Username And Password" line="9">
<kw name="Reset Application Create User And Go To Register Page" type="SETUP">
<kw name="Reset Application" library="AppLibrary">
<status status="PASS" starttime="20241117 16:17:49.820" endtime="20241117 16:17:49.824"/>
</kw>
<kw name="Create User" library="AppLibrary">
<arg>kalle</arg>
<arg>kalle123</arg>
<status status="PASS" starttime="20241117 16:17:49.824" endtime="20241117 16:17:49.829"/>
</kw>
<kw name="Go To Register Page" library="resource">
<kw name="Go To" library="SeleniumLibrary">
<arg>${REGISTER_URL}</arg>
<doc>Navigates the current browser window to the provided ``url``.</doc>
<msg timestamp="20241117 16:17:49.830" level="INFO">Opening url 'http://localhost:5001/register'</msg>
<status status="PASS" starttime="20241117 16:17:49.830" endtime="20241117 16:17:50.363"/>
</kw>
<status status="PASS" starttime="20241117 16:17:49.829" endtime="20241117 16:17:50.363"/>
</kw>
<status status="PASS" starttime="20241117 16:17:49.819" endtime="20241117 16:17:50.363"/>
</kw>
<kw name="Set Username">
<arg>testi</arg>
<kw name="Input Text" library="SeleniumLibrary">
<arg>username</arg>
<arg>${username}</arg>
<doc>Types the given ``text`` into the text field identified by ``locator``.</doc>
<msg timestamp="20241117 16:17:50.364" level="INFO">Typing text 'testi' into text field 'username'.</msg>
<status status="PASS" starttime="20241117 16:17:50.363" endtime="20241117 16:17:51.967"/>
</kw>
<status status="PASS" starttime="20241117 16:17:50.363" endtime="20241117 16:17:51.967"/>
</kw>
<kw name="Set Password">
<arg>testi123</arg>
<kw name="Input Password" library="SeleniumLibrary">
<arg>password</arg>
<arg>${password}</arg>
<doc>Types the given password into the text field identified by ``locator``.</doc>
<msg timestamp="20241117 16:17:51.968" level="INFO">Typing password into text field 'password'.</msg>
<msg timestamp="20241117 16:17:53.012" level="INFO">Temporally setting log level to: NONE</msg>
<msg timestamp="20241117 16:17:53.554" level="INFO">Log level changed from NONE to INFO.</msg>
<status status="PASS" starttime="20241117 16:17:51.967" endtime="20241117 16:17:53.555"/>
</kw>
<status status="PASS" starttime="20241117 16:17:51.967" endtime="20241117 16:17:53.555"/>
</kw>
<kw name="Set Password Confirmation">
<arg>testi123</arg>
<kw name="Input Password" library="SeleniumLibrary">
<arg>password_confirmation</arg>
<arg>${password_confirmation}</arg>
<doc>Types the given password into the text field identified by ``locator``.</doc>
<msg timestamp="20241117 16:17:53.555" level="INFO">Typing password into text field 'password_confirmation'.</msg>
<msg timestamp="20241117 16:17:54.588" level="INFO">Temporally setting log level to: NONE</msg>
<msg timestamp="20241117 16:17:55.128" level="INFO">Log level changed from NONE to INFO.</msg>
<status status="PASS" starttime="20241117 16:17:53.555" endtime="20241117 16:17:55.128"/>
</kw>
<status status="PASS" starttime="20241117 16:17:53.555" endtime="20241117 16:17:55.128"/>
</kw>
<kw name="Click Button" library="SeleniumLibrary">
<arg>Register</arg>
<doc>Clicks the button identified by ``locator``.</doc>
<msg timestamp="20241117 16:17:55.128" level="INFO">Clicking button 'Register'.</msg>
<status status="PASS" starttime="20241117 16:17:55.128" endtime="20241117 16:17:57.209"/>
</kw>
<kw name="Title Should Be" library="SeleniumLibrary">
<arg>Welcome to Ohtu Application!</arg>
<doc>Verifies that the current page title equals ``title``.</doc>
<msg timestamp="20241117 16:17:57.714" level="INFO">Page title is 'Welcome to Ohtu Application!'.</msg>
<status status="PASS" starttime="20241117 16:17:57.209" endtime="20241117 16:17:57.714"/>
</kw>
<status status="PASS" starttime="20241117 16:17:49.819" endtime="20241117 16:17:57.715"/>
</test>
<test id="s1-t2" name="Register With Too Short Username And Valid Password" line="16">
<kw name="Reset Application Create User And Go To Register Page" type="SETUP">
<kw name="Reset Application" library="AppLibrary">
<status status="PASS" starttime="20241117 16:17:57.715" endtime="20241117 16:17:57.720"/>
</kw>
<kw name="Create User" library="AppLibrary">
<arg>kalle</arg>
<arg>kalle123</arg>
<status status="PASS" starttime="20241117 16:17:57.720" endtime="20241117 16:17:57.724"/>
</kw>
<kw name="Go To Register Page" library="resource">
<kw name="Go To" library="SeleniumLibrary">
<arg>${REGISTER_URL}</arg>
<doc>Navigates the current browser window to the provided ``url``.</doc>
<msg timestamp="20241117 16:17:57.724" level="INFO">Opening url 'http://localhost:5001/register'</msg>
<status status="PASS" starttime="20241117 16:17:57.724" endtime="20241117 16:17:58.241"/>
</kw>
<status status="PASS" starttime="20241117 16:17:57.724" endtime="20241117 16:17:58.241"/>
</kw>
<status status="PASS" starttime="20241117 16:17:57.715" endtime="20241117 16:17:58.241"/>
</kw>
<kw name="Set Username">
<arg>te</arg>
<kw name="Input Text" library="SeleniumLibrary">
<arg>username</arg>
<arg>${username}</arg>
<doc>Types the given ``text`` into the text field identified by ``locator``.</doc>
<msg timestamp="20241117 16:17:58.242" level="INFO">Typing text 'te' into text field 'username'.</msg>
<status status="PASS" starttime="20241117 16:17:58.241" endtime="20241117 16:17:59.812"/>
</kw>
<status status="PASS" starttime="20241117 16:17:58.241" endtime="20241117 16:17:59.812"/>
</kw>
<kw name="Set Password">
<arg>testi123</arg>
<kw name="Input Password" library="SeleniumLibrary">
<arg>password</arg>
<arg>${password}</arg>
<doc>Types the given password into the text field identified by ``locator``.</doc>
<msg timestamp="20241117 16:17:59.813" level="INFO">Typing password into text field 'password'.</msg>
<msg timestamp="20241117 16:18:00.845" level="INFO">Temporally setting log level to: NONE</msg>
<msg timestamp="20241117 16:18:01.387" level="INFO">Log level changed from NONE to INFO.</msg>
<status status="PASS" starttime="20241117 16:17:59.812" endtime="20241117 16:18:01.387"/>
</kw>
<status status="PASS" starttime="20241117 16:17:59.812" endtime="20241117 16:18:01.387"/>
</kw>
<kw name="Set Password Confirmation">
<arg>testi123</arg>
<kw name="Input Password" library="SeleniumLibrary">
<arg>password_confirmation</arg>
<arg>${password_confirmation}</arg>
<doc>Types the given password into the text field identified by ``locator``.</doc>
<msg timestamp="20241117 16:18:01.388" level="INFO">Typing password into text field 'password_confirmation'.</msg>
<msg timestamp="20241117 16:18:02.417" level="INFO">Temporally setting log level to: NONE</msg>
<msg timestamp="20241117 16:18:02.955" level="INFO">Log level changed from NONE to INFO.</msg>
<status status="PASS" starttime="20241117 16:18:01.387" endtime="20241117 16:18:02.955"/>
</kw>
<status status="PASS" starttime="20241117 16:18:01.387" endtime="20241117 16:18:02.955"/>
</kw>
<kw name="Click Button" library="SeleniumLibrary">
<arg>Register</arg>
<doc>Clicks the button identified by ``locator``.</doc>
<msg timestamp="20241117 16:18:02.956" level="INFO">Clicking button 'Register'.</msg>
<status status="PASS" starttime="20241117 16:18:02.955" endtime="20241117 16:18:05.011"/>
</kw>
<kw name="Register Should Fail With Message">
<arg>Username is too short</arg>
<kw name="Register Page Should Be Open" library="resource">
<kw name="Title Should Be" library="SeleniumLibrary">
<arg>Register</arg>
<doc>Verifies that the current page title equals ``title``.</doc>
<msg timestamp="20241117 16:18:05.517" level="INFO">Page title is 'Register'.</msg>
<status status="PASS" starttime="20241117 16:18:05.011" endtime="20241117 16:18:05.517"/>
</kw>
<status status="PASS" starttime="20241117 16:18:05.011" endtime="20241117 16:18:05.517"/>
</kw>
<kw name="Page Should Contain" library="SeleniumLibrary">
<arg>${message}</arg>
<doc>Verifies that current page contains ``text``.</doc>
<msg timestamp="20241117 16:18:06.530" level="INFO">Current page contains text 'Username is too short'.</msg>
<status status="PASS" starttime="20241117 16:18:05.517" endtime="20241117 16:18:06.530"/>
</kw>
<status status="PASS" starttime="20241117 16:18:05.011" endtime="20241117 16:18:06.531"/>
</kw>
<status status="PASS" starttime="20241117 16:17:57.715" endtime="20241117 16:18:06.531"/>
</test>
<test id="s1-t3" name="Register With Valid Username And Too Short Password" line="23">
<kw name="Reset Application Create User And Go To Register Page" type="SETUP">
<kw name="Reset Application" library="AppLibrary">
<status status="PASS" starttime="20241117 16:18:06.532" endtime="20241117 16:18:06.534"/>
</kw>
<kw name="Create User" library="AppLibrary">
<arg>kalle</arg>
<arg>kalle123</arg>
<status status="PASS" starttime="20241117 16:18:06.534" endtime="20241117 16:18:06.537"/>
</kw>
<kw name="Go To Register Page" library="resource">
<kw name="Go To" library="SeleniumLibrary">
<arg>${REGISTER_URL}</arg>
<doc>Navigates the current browser window to the provided ``url``.</doc>
<msg timestamp="20241117 16:18:06.538" level="INFO">Opening url 'http://localhost:5001/register'</msg>
<status status="PASS" starttime="20241117 16:18:06.538" endtime="20241117 16:18:07.052"/>
</kw>
<status status="PASS" starttime="20241117 16:18:06.538" endtime="20241117 16:18:07.052"/>
</kw>
<status status="PASS" starttime="20241117 16:18:06.531" endtime="20241117 16:18:07.052"/>
</kw>
<kw name="Set Username">
<arg>testi</arg>
<kw name="Input Text" library="SeleniumLibrary">
<arg>username</arg>
<arg>${username}</arg>
<doc>Types the given ``text`` into the text field identified by ``locator``.</doc>
<msg timestamp="20241117 16:18:07.053" level="INFO">Typing text 'testi' into text field 'username'.</msg>
<status status="PASS" starttime="20241117 16:18:07.053" endtime="20241117 16:18:08.622"/>
</kw>
<status status="PASS" starttime="20241117 16:18:07.053" endtime="20241117 16:18:08.622"/>
</kw>
<kw name="Set Password">
<arg>testi</arg>
<kw name="Input Password" library="SeleniumLibrary">
<arg>password</arg>
<arg>${password}</arg>
<doc>Types the given password into the text field identified by ``locator``.</doc>
<msg timestamp="20241117 16:18:08.623" level="INFO">Typing password into text field 'password'.</msg>
<msg timestamp="20241117 16:18:09.654" level="INFO">Temporally setting log level to: NONE</msg>
<msg timestamp="20241117 16:18:10.192" level="INFO">Log level changed from NONE to INFO.</msg>
<status status="PASS" starttime="20241117 16:18:08.623" endtime="20241117 16:18:10.192"/>
</kw>
<status status="PASS" starttime="20241117 16:18:08.622" endtime="20241117 16:18:10.192"/>
</kw>
<kw name="Set Password Confirmation">
<arg>testi</arg>
<kw name="Input Password" library="SeleniumLibrary">
<arg>password_confirmation</arg>
<arg>${password_confirmation}</arg>
<doc>Types the given password into the text field identified by ``locator``.</doc>
<msg timestamp="20241117 16:18:10.193" level="INFO">Typing password into text field 'password_confirmation'.</msg>
<msg timestamp="20241117 16:18:11.220" level="INFO">Temporally setting log level to: NONE</msg>
<msg timestamp="20241117 16:18:11.759" level="INFO">Log level changed from NONE to INFO.</msg>
<status status="PASS" starttime="20241117 16:18:10.192" endtime="20241117 16:18:11.759"/>
</kw>
<status status="PASS" starttime="20241117 16:18:10.192" endtime="20241117 16:18:11.759"/>
</kw>
<kw name="Click Button" library="SeleniumLibrary">
<arg>Register</arg>
<doc>Clicks the button identified by ``locator``.</doc>
<msg timestamp="20241117 16:18:11.760" level="INFO">Clicking button 'Register'.</msg>
<status status="PASS" starttime="20241117 16:18:11.759" endtime="20241117 16:18:13.813"/>
</kw>
<kw name="Register Should Fail With Message">
<arg>Password is too short</arg>
<kw name="Register Page Should Be Open" library="resource">
<kw name="Title Should Be" library="SeleniumLibrary">
<arg>Register</arg>
<doc>Verifies that the current page title equals ``title``.</doc>
<msg timestamp="20241117 16:18:14.318" level="INFO">Page title is 'Register'.</msg>
<status status="PASS" starttime="20241117 16:18:13.813" endtime="20241117 16:18:14.318"/>
</kw>
<status status="PASS" starttime="20241117 16:18:13.813" endtime="20241117 16:18:14.318"/>
</kw>
<kw name="Page Should Contain" library="SeleniumLibrary">
<arg>${message}</arg>
<doc>Verifies that current page contains ``text``.</doc>
<msg timestamp="20241117 16:18:15.331" level="INFO">Current page contains text 'Password is too short'.</msg>
<status status="PASS" starttime="20241117 16:18:14.318" endtime="20241117 16:18:15.331"/>
</kw>
<status status="PASS" starttime="20241117 16:18:13.813" endtime="20241117 16:18:15.331"/>
</kw>
<status status="PASS" starttime="20241117 16:18:06.531" endtime="20241117 16:18:15.331"/>
</test>
<test id="s1-t4" name="Register With Valid Username And Invalid Password" line="30">
<kw name="Reset Application Create User And Go To Register Page" type="SETUP">
<kw name="Reset Application" library="AppLibrary">
<status status="PASS" starttime="20241117 16:18:15.332" endtime="20241117 16:18:15.334"/>
</kw>
<kw name="Create User" library="AppLibrary">
<arg>kalle</arg>
<arg>kalle123</arg>
<status status="PASS" starttime="20241117 16:18:15.334" endtime="20241117 16:18:15.338"/>
</kw>
<kw name="Go To Register Page" library="resource">
<kw name="Go To" library="SeleniumLibrary">
<arg>${REGISTER_URL}</arg>
<doc>Navigates the current browser window to the provided ``url``.</doc>
<msg timestamp="20241117 16:18:15.339" level="INFO">Opening url 'http://localhost:5001/register'</msg>
<status status="PASS" starttime="20241117 16:18:15.339" endtime="20241117 16:18:15.852"/>
</kw>
<status status="PASS" starttime="20241117 16:18:15.338" endtime="20241117 16:18:15.852"/>
</kw>
<status status="PASS" starttime="20241117 16:18:15.332" endtime="20241117 16:18:15.852"/>
</kw>
<kw name="Set Username">
<arg>testi</arg>
<kw name="Input Text" library="SeleniumLibrary">
<arg>username</arg>
<arg>${username}</arg>
<doc>Types the given ``text`` into the text field identified by ``locator``.</doc>
<msg timestamp="20241117 16:18:15.853" level="INFO">Typing text 'testi' into text field 'username'.</msg>
<status status="PASS" starttime="20241117 16:18:15.853" endtime="20241117 16:18:17.419"/>
</kw>
<status status="PASS" starttime="20241117 16:18:15.853" endtime="20241117 16:18:17.419"/>
</kw>
<kw name="Set Password">
<arg>testitesti</arg>
<kw name="Input Password" library="SeleniumLibrary">
<arg>password</arg>
<arg>${password}</arg>
<doc>Types the given password into the text field identified by ``locator``.</doc>
<msg timestamp="20241117 16:18:17.419" level="INFO">Typing password into text field 'password'.</msg>
<msg timestamp="20241117 16:18:18.448" level="INFO">Temporally setting log level to: NONE</msg>
<msg timestamp="20241117 16:18:18.987" level="INFO">Log level changed from NONE to INFO.</msg>
<status status="PASS" starttime="20241117 16:18:17.419" endtime="20241117 16:18:18.987"/>
</kw>
<status status="PASS" starttime="20241117 16:18:17.419" endtime="20241117 16:18:18.987"/>
</kw>
<kw name="Set Password Confirmation">
<arg>testitesti</arg>
<kw name="Input Password" library="SeleniumLibrary">
<arg>password_confirmation</arg>
<arg>${password_confirmation}</arg>
<doc>Types the given password into the text field identified by ``locator``.</doc>
<msg timestamp="20241117 16:18:18.988" level="INFO">Typing password into text field 'password_confirmation'.</msg>
<msg timestamp="20241117 16:18:20.016" level="INFO">Temporally setting log level to: NONE</msg>
<msg timestamp="20241117 16:18:20.554" level="INFO">Log level changed from NONE to INFO.</msg>
<status status="PASS" starttime="20241117 16:18:18.988" endtime="20241117 16:18:20.554"/>
</kw>
<status status="PASS" starttime="20241117 16:18:18.988" endtime="20241117 16:18:20.555"/>
</kw>
<kw name="Click Button" library="SeleniumLibrary">
<arg>Register</arg>
<doc>Clicks the button identified by ``locator``.</doc>
<msg timestamp="20241117 16:18:20.555" level="INFO">Clicking button 'Register'.</msg>
<status status="PASS" starttime="20241117 16:18:20.555" endtime="20241117 16:18:22.620"/>
</kw>
<kw name="Register Should Fail With Message">
<arg>Password cannot be only letters</arg>
<kw name="Register Page Should Be Open" library="resource">
<kw name="Title Should Be" library="SeleniumLibrary">
<arg>Register</arg>
<doc>Verifies that the current page title equals ``title``.</doc>
<msg timestamp="20241117 16:18:23.126" level="INFO">Page title is 'Register'.</msg>
<status status="PASS" starttime="20241117 16:18:22.621" endtime="20241117 16:18:23.126"/>
</kw>
<status status="PASS" starttime="20241117 16:18:22.621" endtime="20241117 16:18:23.126"/>
</kw>
<kw name="Page Should Contain" library="SeleniumLibrary">
<arg>${message}</arg>
<doc>Verifies that current page contains ``text``.</doc>
<msg timestamp="20241117 16:18:24.139" level="INFO">Current page contains text 'Password cannot be only letters'.</msg>
<status status="PASS" starttime="20241117 16:18:23.126" endtime="20241117 16:18:24.139"/>
</kw>
<status status="PASS" starttime="20241117 16:18:22.621" endtime="20241117 16:18:24.139"/>
</kw>
<status status="PASS" starttime="20241117 16:18:15.332" endtime="20241117 16:18:24.140"/>
</test>
<test id="s1-t5" name="Register With Nonmatching Password And Password Confirmation" line="37">
<kw name="Reset Application Create User And Go To Register Page" type="SETUP">
<kw name="Reset Application" library="AppLibrary">
<status status="PASS" starttime="20241117 16:18:24.141" endtime="20241117 16:18:24.143"/>
</kw>
<kw name="Create User" library="AppLibrary">
<arg>kalle</arg>
<arg>kalle123</arg>
<status status="PASS" starttime="20241117 16:18:24.143" endtime="20241117 16:18:24.147"/>
</kw>
<kw name="Go To Register Page" library="resource">
<kw name="Go To" library="SeleniumLibrary">
<arg>${REGISTER_URL}</arg>
<doc>Navigates the current browser window to the provided ``url``.</doc>
<msg timestamp="20241117 16:18:24.147" level="INFO">Opening url 'http://localhost:5001/register'</msg>
<status status="PASS" starttime="20241117 16:18:24.147" endtime="20241117 16:18:24.661"/>
</kw>
<status status="PASS" starttime="20241117 16:18:24.147" endtime="20241117 16:18:24.661"/>
</kw>
<status status="PASS" starttime="20241117 16:18:24.140" endtime="20241117 16:18:24.661"/>
</kw>
<kw name="Set Username">
<arg>testi</arg>
<kw name="Input Text" library="SeleniumLibrary">
<arg>username</arg>
<arg>${username}</arg>
<doc>Types the given ``text`` into the text field identified by ``locator``.</doc>
<msg timestamp="20241117 16:18:24.662" level="INFO">Typing text 'testi' into text field 'username'.</msg>
<status status="PASS" starttime="20241117 16:18:24.662" endtime="20241117 16:18:26.231"/>
</kw>
<status status="PASS" starttime="20241117 16:18:24.661" endtime="20241117 16:18:26.231"/>
</kw>
<kw name="Set Password">
<arg>testi123</arg>
<kw name="Input Password" library="SeleniumLibrary">
<arg>password</arg>
<arg>${password}</arg>
<doc>Types the given password into the text field identified by ``locator``.</doc>
<msg timestamp="20241117 16:18:26.232" level="INFO">Typing password into text field 'password'.</msg>
<msg timestamp="20241117 16:18:27.264" level="INFO">Temporally setting log level to: NONE</msg>
<msg timestamp="20241117 16:18:27.801" level="INFO">Log level changed from NONE to INFO.</msg>
<status status="PASS" starttime="20241117 16:18:26.232" endtime="20241117 16:18:27.801"/>
</kw>
<status status="PASS" starttime="20241117 16:18:26.232" endtime="20241117 16:18:27.801"/>
</kw>
<kw name="Set Password Confirmation">
<arg>testi456</arg>
<kw name="Input Password" library="SeleniumLibrary">
<arg>password_confirmation</arg>
<arg>${password_confirmation}</arg>
<doc>Types the given password into the text field identified by ``locator``.</doc>
<msg timestamp="20241117 16:18:27.802" level="INFO">Typing password into text field 'password_confirmation'.</msg>
<msg timestamp="20241117 16:18:28.830" level="INFO">Temporally setting log level to: NONE</msg>
<msg timestamp="20241117 16:18:29.370" level="INFO">Log level changed from NONE to INFO.</msg>
<status status="PASS" starttime="20241117 16:18:27.801" endtime="20241117 16:18:29.370"/>
</kw>
<status status="PASS" starttime="20241117 16:18:27.801" endtime="20241117 16:18:29.370"/>
</kw>
<kw name="Click Button" library="SeleniumLibrary">
<arg>Register</arg>
<doc>Clicks the button identified by ``locator``.</doc>
<msg timestamp="20241117 16:18:29.371" level="INFO">Clicking button 'Register'.</msg>
<status status="PASS" starttime="20241117 16:18:29.371" endtime="20241117 16:18:31.426"/>
</kw>
<kw name="Register Should Fail With Message">
<arg>Passwords do not match</arg>
<kw name="Register Page Should Be Open" library="resource">
<kw name="Title Should Be" library="SeleniumLibrary">
<arg>Register</arg>
<doc>Verifies that the current page title equals ``title``.</doc>
<msg timestamp="20241117 16:18:31.932" level="INFO">Page title is 'Register'.</msg>
<status status="PASS" starttime="20241117 16:18:31.427" endtime="20241117 16:18:31.932"/>
</kw>
<status status="PASS" starttime="20241117 16:18:31.427" endtime="20241117 16:18:31.932"/>
</kw>
<kw name="Page Should Contain" library="SeleniumLibrary">
<arg>${message}</arg>
<doc>Verifies that current page contains ``text``.</doc>
<msg timestamp="20241117 16:18:32.945" level="INFO">Current page contains text 'Passwords do not match'.</msg>
<status status="PASS" starttime="20241117 16:18:31.932" endtime="20241117 16:18:32.945"/>
</kw>
<status status="PASS" starttime="20241117 16:18:31.427" endtime="20241117 16:18:32.945"/>
</kw>
<status status="PASS" starttime="20241117 16:18:24.140" endtime="20241117 16:18:32.945"/>
</test>
<test id="s1-t6" name="Register With Username That Is Already In Use" line="44">
<kw name="Reset Application Create User And Go To Register Page" type="SETUP">
<kw name="Reset Application" library="AppLibrary">
<status status="PASS" starttime="20241117 16:18:32.946" endtime="20241117 16:18:32.948"/>
</kw>
<kw name="Create User" library="AppLibrary">
<arg>kalle</arg>
<arg>kalle123</arg>
<status status="PASS" starttime="20241117 16:18:32.948" endtime="20241117 16:18:32.951"/>
</kw>
<kw name="Go To Register Page" library="resource">
<kw name="Go To" library="SeleniumLibrary">
<arg>${REGISTER_URL}</arg>
<doc>Navigates the current browser window to the provided ``url``.</doc>
<msg timestamp="20241117 16:18:32.952" level="INFO">Opening url 'http://localhost:5001/register'</msg>
<status status="PASS" starttime="20241117 16:18:32.951" endtime="20241117 16:18:33.465"/>
</kw>
<status status="PASS" starttime="20241117 16:18:32.951" endtime="20241117 16:18:33.465"/>
</kw>
<status status="PASS" starttime="20241117 16:18:32.946" endtime="20241117 16:18:33.465"/>
</kw>
<kw name="Set Username">
<arg>kalle</arg>
<kw name="Input Text" library="SeleniumLibrary">
<arg>username</arg>
<arg>${username}</arg>
<doc>Types the given ``text`` into the text field identified by ``locator``.</doc>
<msg timestamp="20241117 16:18:33.466" level="INFO">Typing text 'kalle' into text field 'username'.</msg>
<status status="PASS" starttime="20241117 16:18:33.466" endtime="20241117 16:18:35.034"/>
</kw>
<status status="PASS" starttime="20241117 16:18:33.466" endtime="20241117 16:18:35.034"/>
</kw>
<kw name="Set Password">
<arg>testi123</arg>
<kw name="Input Password" library="SeleniumLibrary">
<arg>password</arg>
<arg>${password}</arg>
<doc>Types the given password into the text field identified by ``locator``.</doc>
<msg timestamp="20241117 16:18:35.035" level="INFO">Typing password into text field 'password'.</msg>
<msg timestamp="20241117 16:18:36.064" level="INFO">Temporally setting log level to: NONE</msg>
<msg timestamp="20241117 16:18:36.601" level="INFO">Log level changed from NONE to INFO.</msg>
<status status="PASS" starttime="20241117 16:18:35.035" endtime="20241117 16:18:36.602"/>
</kw>
<status status="PASS" starttime="20241117 16:18:35.035" endtime="20241117 16:18:36.602"/>
</kw>
<kw name="Set Password Confirmation">
<arg>testi123</arg>
<kw name="Input Password" library="SeleniumLibrary">
<arg>password_confirmation</arg>
<arg>${password_confirmation}</arg>
<doc>Types the given password into the text field identified by ``locator``.</doc>
<msg timestamp="20241117 16:18:36.603" level="INFO">Typing password into text field 'password_confirmation'.</msg>
<msg timestamp="20241117 16:18:37.631" level="INFO">Temporally setting log level to: NONE</msg>
<msg timestamp="20241117 16:18:38.169" level="INFO">Log level changed from NONE to INFO.</msg>
<status status="PASS" starttime="20241117 16:18:36.602" endtime="20241117 16:18:38.169"/>
</kw>
<status status="PASS" starttime="20241117 16:18:36.602" endtime="20241117 16:18:38.169"/>
</kw>
<kw name="Click Button" library="SeleniumLibrary">
<arg>Register</arg>
<doc>Clicks the button identified by ``locator``.</doc>
<msg timestamp="20241117 16:18:38.170" level="INFO">Clicking button 'Register'.</msg>
<status status="PASS" starttime="20241117 16:18:38.169" endtime="20241117 16:18:40.222"/>
</kw>
<kw name="Register Should Fail With Message">
<arg>Username is already in use</arg>
<kw name="Register Page Should Be Open" library="resource">
<kw name="Title Should Be" library="SeleniumLibrary">
<arg>Register</arg>
<doc>Verifies that the current page title equals ``title``.</doc>
<msg timestamp="20241117 16:18:40.727" level="INFO">Page title is 'Register'.</msg>
<status status="PASS" starttime="20241117 16:18:40.223" endtime="20241117 16:18:40.727"/>
</kw>
<status status="PASS" starttime="20241117 16:18:40.222" endtime="20241117 16:18:40.727"/>
</kw>
<kw name="Page Should Contain" library="SeleniumLibrary">
<arg>${message}</arg>
<doc>Verifies that current page contains ``text``.</doc>
<msg timestamp="20241117 16:18:41.740" level="INFO">Current page contains text 'Username is already in use'.</msg>
<status status="PASS" starttime="20241117 16:18:40.727" endtime="20241117 16:18:41.740"/>
</kw>
<status status="PASS" starttime="20241117 16:18:40.222" endtime="20241117 16:18:41.740"/>
</kw>
<status status="PASS" starttime="20241117 16:18:32.945" endtime="20241117 16:18:41.740"/>
</test>
<kw name="Close Browser" library="SeleniumLibrary" type="TEARDOWN">
<doc>Closes the current browser.</doc>
<status status="PASS" starttime="20241117 16:18:41.741" endtime="20241117 16:18:42.296"/>
</kw>
<status status="PASS" starttime="20241117 16:17:49.091" endtime="20241117 16:18:42.296"/>
</suite>
<statistics>
<total>
<stat pass="6" fail="0" skip="0">All Tests</stat>
</total>
<tag>
</tag>
<suite>
<stat pass="6" fail="0" skip="0" id="s1" name="Register">Register</stat>
</suite>
</statistics>
<errors>
</errors>
</robot>
